Started by user Antonio Galvez
Obtained Jenkinsfile from git https://github.com/raf4ga/unir-test.git
[Pipeline] Start of Pipeline
[Pipeline] node
Running on Jenkins in /var/jenkins_home/workspace/unir-test
[Pipeline] {
[Pipeline] stage
[Pipeline] { (Declarative: Checkout SCM)
[Pipeline] checkout
Selected Git installation does not exist. Using Default
The recommended git tool is: NONE
using credential Jenkins
 > git rev-parse --resolve-git-dir /var/jenkins_home/workspace/unir-test/.git # timeout=10
Fetching changes from the remote Git repository
 > git config remote.origin.url https://github.com/raf4ga/unir-test.git # timeout=10
Cleaning workspace
 > git rev-parse --verify HEAD # timeout=10
Resetting working tree
 > git reset --hard # timeout=10
 > git clean -ffdx # timeout=10
Fetching upstream changes from https://github.com/raf4ga/unir-test.git
 > git --version # timeout=10
 > git --version # 'git version 2.30.2'
using GIT_ASKPASS to set credentials Lab Jenkins
 > git fetch --tags --force --progress -- https://github.com/raf4ga/unir-test.git +refs/heads/*:refs/remotes/origin/* # timeout=10
 > git rev-parse origin/main^{commit} # timeout=10
Checking out Revision 804a45e4e9e8a4a673d5dff826e4018f2ed2b0ee (origin/main)
 > git config core.sparsecheckout # timeout=10
 > git checkout -f 804a45e4e9e8a4a673d5dff826e4018f2ed2b0ee # timeout=10
Commit message: "jenkins actividad_v3 commit"
 > git rev-list --no-walk 6b0ef9fd75d06b229f98e1f8d666edd38425876d # timeout=10
Cleaning workspace
 > git rev-parse --verify HEAD # timeout=10
Resetting working tree
 > git reset --hard # timeout=10
 > git clean -ffdx # timeout=10
[Pipeline] }
[Pipeline] // stage
[Pipeline] withEnv
[Pipeline] {
[Pipeline] stage
[Pipeline] { (Source)
[Pipeline] git
Selected Git installation does not exist. Using Default
The recommended git tool is: NONE
No credentials specified
 > git rev-parse --resolve-git-dir /var/jenkins_home/workspace/unir-test/.git # timeout=10
Fetching changes from the remote Git repository
 > git config remote.origin.url https://github.com/raf4ga/unir-test.git # timeout=10
Fetching upstream changes from https://github.com/raf4ga/unir-test.git
 > git --version # timeout=10
 > git --version # 'git version 2.30.2'
 > git fetch --tags --force --progress -- https://github.com/raf4ga/unir-test.git +refs/heads/*:refs/remotes/origin/* # timeout=10
 > git rev-parse refs/remotes/origin/master^{commit} # timeout=10
 > git rev-parse origin/master^{commit} # timeout=10
[Pipeline] }
[Pipeline] // stage
[Pipeline] stage
[Pipeline] { (Unit tests)
Stage "Unit tests" skipped due to earlier failure(s)
[Pipeline] }
[Pipeline] // stage
[Pipeline] stage
[Pipeline] { (Api tests)
Stage "Api tests" skipped due to earlier failure(s)
[Pipeline] }
[Pipeline] // stage
[Pipeline] stage
[Pipeline] { (E2e tests)
Stage "E2e tests" skipped due to earlier failure(s)
[Pipeline] }
[Pipeline] // stage
[Pipeline] stage
[Pipeline] { (Declarative: Post Actions)
[Pipeline] junit
Recording test results
No test report files were found. Configuration error?
Error when executing always post condition:
Also:   org.jenkinsci.plugins.workflow.actions.ErrorAction$ErrorId: 619c0179-adfc-45ea-acbc-ef4dbd4d9ab7
hudson.AbortException: No test report files were found. Configuration error?
	at hudson.tasks.junit.JUnitParser$ParseResultCallable.invoke(JUnitParser.java:184)
	at hudson.FilePath.act(FilePath.java:1198)
	at hudson.FilePath.act(FilePath.java:1181)
	at hudson.tasks.junit.JUnitParser.parseResult(JUnitParser.java:118)
	at hudson.tasks.junit.JUnitResultArchiver.parse(JUnitResultArchiver.java:157)
	at hudson.tasks.junit.JUnitResultArchiver.parseAndSummarize(JUnitResultArchiver.java:251)
	at hudson.tasks.junit.pipeline.JUnitResultsStepExecution.run(JUnitResultsStepExecution.java:63)
	at hudson.tasks.junit.pipeline.JUnitResultsStepExecution.run(JUnitResultsStepExecution.java:29)
	at org.jenkinsci.plugins.workflow.steps.SynchronousNonBlockingStepExecution.lambda$start$0(SynchronousNonBlockingStepExecution.java:47)
	at java.base/java.util.concurrent.Executors$RunnableAdapter.call(Executors.java:515)
	at java.base/java.util.concurrent.FutureTask.run(FutureTask.java:264)
	at java.base/java.util.concurrent.ThreadPoolExecutor.runWorker(ThreadPoolExecutor.java:1128)
	at java.base/java.util.concurrent.ThreadPoolExecutor$Worker.run(ThreadPoolExecutor.java:628)
	at java.base/java.lang.Thread.run(Thread.java:829)

[Pipeline] emailext
Sending email to: raf4ga@gmail.com
Connection error sending email, retrying once more in 10 seconds...
Connection error sending email, retrying once more in 10 seconds...
Failed after second try sending email
[Pipeline] echo
Email Notification!
[Pipeline] echo
FAILURE: Job unir-test
Build Number: 5
More Info can be found here: http://localhost:8080/job/unir-test/5/
[Pipeline] }
[Pipeline] // stage
[Pipeline] }
[Pipeline] // withEnv
[Pipeline] }
[Pipeline] // node
[Pipeline] End of Pipeline
ERROR: Couldn't find any revision to build. Verify the repository and branch configuration for this job.
Finished: FAILURE